<?xml version="1.0" encoding="UTF-8"?>
<!-- Generated by org.testng.reporters.JUnitReportReporter -->
<testsuite hostname="DESKTOP-CEMT1DR" failures="0" tests="1" name="YDF.automation.NewTest" time="45.159" errors="0" timestamp="10 Apr 2018 22:20:27 GMT" skipped="0">
  <testcase classname="YDF.automation.NewTest" name="f" time="45.159"/>
</testsuite> <!-- YDF.automation.NewTest -->
